<?xml version="1.0" encoding="UTF-8"?>
<testsuite name="com.diting.domain.memory.MemoryNodeTest" tests="5" skipped="0" failures="0" errors="0" timestamp="2026-09-06T16:42:03.706Z" hostname="vm" time="0.036">
  <properties/>
  <testcase name="each additional mention is worth less than the one before()" classname="com.diting.domain.memory.MemoryNodeTest" time="0.028"/>
  <testcase name="only confirmed unarchived nodes may interrupt the user()" classname="com.diting.domain.memory.MemoryNodeTest" time="0.001"/>
  <testcase name="temperature falls as a node goes unmentioned()" classname="com.diting.domain.memory.MemoryNodeTest" time="0.0"/>
  <testcase name="repetition raises temperature()" classname="com.diting.domain.memory.MemoryNodeTest" time="0.001"/>
  <testcase name="an archived node can never win a ranking()" classname="com.diting.domain.memory.MemoryNodeTest" time="0.002"/>
  <system-out><![CDATA[]]></system-out>
  <system-err><![CDATA[]]></system-err>
</testsuite>
