<?xml version="1.0" encoding="UTF-8"?>
<testsuite name="com.diting.domain.task.TaskGateTest" tests="16" skipped="0" failures="0" errors="0" timestamp="2026-09-06T16:42:03.834Z" hostname="vm" time="0.023">
  <properties/>
  <testcase name="delivering a new artifact clears the previous revision note()" classname="com.diting.domain.task.TaskGateTest" time="0.006"/>
  <testcase name="adopting to an external destination demands the second confirmation()" classname="com.diting.domain.task.TaskGateTest" time="0.001"/>
  <testcase name="a task with no artifact routes nowhere()" classname="com.diting.domain.task.TaskGateTest" time="0.0"/>
  <testcase name="a failed task can be retried but not adopted()" classname="com.diting.domain.task.TaskGateTest" time="0.001"/>
  <testcase name="OpenClaw is not an external write because its result comes back to gate two()" classname="com.diting.domain.task.TaskGateTest" time="0.0"/>
  <testcase name="adopting into 谛听 itself needs no second confirmation()" classname="com.diting.domain.task.TaskGateTest" time="0.0"/>
  <testcase name="exactly two states are gates()" classname="com.diting.domain.task.TaskGateTest" time="0.001"/>
  <testcase name="an agent cannot run before the goal is confirmed()" classname="com.diting.domain.task.TaskGateTest" time="0.0"/>
  <testcase name="an explicit destination overrides the artifact default()" classname="com.diting.domain.task.TaskGateTest" time="0.0"/>
  <testcase name="a task cannot be adopted straight from gate one()" classname="com.diting.domain.task.TaskGateTest" time="0.0"/>
  <testcase name="the full loop runs goal to published()" classname="com.diting.domain.task.TaskGateTest" time="0.0"/>
  <testcase name="an artifact cannot be delivered before execution starts()" classname="com.diting.domain.task.TaskGateTest" time="0.0"/>
  <testcase name="让小谛改改 goes back to planning, not back to the first gate()" classname="com.diting.domain.task.TaskGateTest" time="0.0"/>
  <testcase name="exactly one state may touch the outside world()" classname="com.diting.domain.task.TaskGateTest" time="0.0"/>
  <testcase name="a published task is frozen()" classname="com.diting.domain.task.TaskGateTest" time="0.001"/>
  <testcase name="the default routing table matches the design()" classname="com.diting.domain.task.TaskGateTest" time="0.001"/>
  <system-out><![CDATA[]]></system-out>
  <system-err><![CDATA[]]></system-err>
</testsuite>
