<?xml version="1.0" encoding="UTF-8"?>
<testsuite name="com.diting.domain.noise.NoiseFilterTest" tests="10" skipped="0" failures="0" errors="0" timestamp="2026-09-06T16:42:03.786Z" hostname="vm" time="0.037">
  <properties/>
  <testcase name="the same sentence survives in a scene with no ignore rule for it()" classname="com.diting.domain.noise.NoiseFilterTest" time="0.021"/>
  <testcase name="stats tally per gate()" classname="com.diting.domain.noise.NoiseFilterTest" time="0.002"/>
  <testcase name="repetition rescues a 三无句()" classname="com.diting.domain.noise.NoiseFilterTest" time="0.001"/>
  <testcase name="any one of person, verb or time is enough to keep it()" classname="com.diting.domain.noise.NoiseFilterTest" time="0.0"/>
  <testcase name="private hours drop everything, including across midnight()" classname="com.diting.domain.noise.NoiseFilterTest" time="0.002"/>
  <testcase name="a sentence with no person, verb or time heard once is dropped()" classname="com.diting.domain.noise.NoiseFilterTest" time="0.0"/>
  <testcase name="the stop phrase drops the sentence()" classname="com.diting.domain.noise.NoiseFilterTest" time="0.003"/>
  <testcase name="an explicit human judgement outranks the structural heuristic()" classname="com.diting.domain.noise.NoiseFilterTest" time="0.001"/>
  <testcase name="small talk is dropped in a customer call()" classname="com.diting.domain.noise.NoiseFilterTest" time="0.002"/>
  <testcase name="a phrase the user marked unimportant is dropped()" classname="com.diting.domain.noise.NoiseFilterTest" time="0.001"/>
  <system-out><![CDATA[]]></system-out>
  <system-err><![CDATA[]]></system-err>
</testsuite>
