<?xml version="1.0" encoding="UTF-8"?>
<testsuite name="com.diting.protocol.mr20.Mr20FileReceiverTest" tests="14" skipped="0" failures="0" errors="0" timestamp="2026-09-06T16:50:38.014Z" hostname="vm" time="0.048">
  <properties/>
  <testcase name="abort is sticky and reports the reason()" classname="com.diting.protocol.mr20.Mr20FileReceiverTest" time="0.004"/>
  <testcase name="Wi-Fi: file bytes that happen to equal the trailer are kept" classname="com.diting.protocol.mr20.Mr20FileReceiverTest" time="0.001"/>
  <testcase name="Wi-Fi: a packet boundary inside the file body changes nothing" classname="com.diting.protocol.mr20.Mr20FileReceiverTest" time="0.002"/>
  <testcase name="Wi-Fi with no announced length: completes when the trailer appears" classname="com.diting.protocol.mr20.Mr20FileReceiverTest" time="0.001"/>
  <testcase name="BLE: AA_DEV&amp;OFF arriving early is a failure, not a truncated file" classname="com.diting.protocol.mr20.Mr20FileReceiverTest" time="0.003"/>
  <testcase name="BLE: with no announced length, AA_DEV&amp;OFF completes the file" classname="com.diting.protocol.mr20.Mr20FileReceiverTest" time="0.001"/>
  <testcase name="BLE: keeps every byte and completes on the announced length" classname="com.diting.protocol.mr20.Mr20FileReceiverTest" time="0.001"/>
  <testcase name="progress is null when the device announced no length()" classname="com.diting.protocol.mr20.Mr20FileReceiverTest" time="0.001"/>
  <testcase name="Wi-Fi with no announced length: holds back a possible trailer" classname="com.diting.protocol.mr20.Mr20FileReceiverTest" time="0.001"/>
  <testcase name="Wi-Fi: the trailer split across two packets is still stripped" classname="com.diting.protocol.mr20.Mr20FileReceiverTest" time="0.001"/>
  <testcase name="BLE: bytes past the announced length are a protocol error" classname="com.diting.protocol.mr20.Mr20FileReceiverTest" time="0.006"/>
  <testcase name="Wi-Fi: the 5-byte trailer is stripped, not written to the file" classname="com.diting.protocol.mr20.Mr20FileReceiverTest" time="0.001"/>
  <testcase name="Wi-Fi with no announced length: a whole file shorter than the trailer" classname="com.diting.protocol.mr20.Mr20FileReceiverTest" time="0.001"/>
  <testcase name="Wi-Fi: a wrong trailer fails instead of silently truncating" classname="com.diting.protocol.mr20.Mr20FileReceiverTest" time="0.018"/>
  <system-out><![CDATA[]]></system-out>
  <system-err><![CDATA[]]></system-err>
</testsuite>
