<?xml version="1.0" encoding="UTF-8"?>
<testsuite name="transfer" tests="6" skipped="0" failures="0" errors="0" timestamp="2026-09-06T16:36:39.665Z" hostname="vm" time="0.011">
  <properties/>
  <testcase name="AA_DEV U ERR is a failure, not a zero-length transfer()" classname="com.diting.protocol.mr20.Mr20EventParserTest$Transfer" time="0.001"/>
  <testcase name="AA_DEV W LEN announces a Wi-Fi transfer()" classname="com.diting.protocol.mr20.Mr20EventParserTest$Transfer" time="0.001"/>
  <testcase name="AA_DEV OFF completes a transfer()" classname="com.diting.protocol.mr20.Mr20EventParserTest$Transfer" time="0.001"/>
  <testcase name="AA_DEV SHUT aborts a transfer()" classname="com.diting.protocol.mr20.Mr20EventParserTest$Transfer" time="0.002"/>
  <testcase name="AA_DEV U LEN announces a BLE transfer()" classname="com.diting.protocol.mr20.Mr20EventParserTest$Transfer" time="0.001"/>
  <testcase name="AA_DEV D is a delete ack and AA_DEV D ERR is a failure()" classname="com.diting.protocol.mr20.Mr20EventParserTest$Transfer" time="0.001"/>
  <system-out><![CDATA[]]></system-out>
  <system-err><![CDATA[]]></system-err>
</testsuite>
